#
# A fatal error has been detected by the Java Runtime Environment:
#
#  Internal Error (./open/src/hotspot/share/oops/generateOopMap.cpp:2164), pid=23516, tid=13168
#  fatal error: Illegal class file encountered. Try running with -Xverify:all in method ScrollDownForLongContent
#
# JRE version: Java(TM) SE Runtime Environment 18.9 (11.0.14+8) (build 11.0.14+8-LTS-263)
# Java VM: Java HotSpot(TM) 64-Bit Server VM 18.9 (11.0.14+8-LTS-263, mixed mode, tiered, compressed oops, g1 gc, windows-amd64)
# No core dump will be written. Minidumps are not enabled by default on client versions of Windows
#
# If you would like to submit a bug report, please visit:
#   https://bugreport.java.com/bugreport/crash.jsp
#

---------------  S U M M A R Y ------------

Command Line: -agentlib:jdwp=transport=dt_socket,suspend=y,address=localhost:53827 -ea -Dfile.encoding=Cp1252 org.testng.remote.RemoteTestNG -serport 53826 -protocol json -d D:\workspaace\itemselection-sct\test-output D:\workspaace\itemselection-sct\testxml\testng.xml

Host: Intel(R) Core(TM) i5-8250U CPU @ 1.60GHz, 8 cores, 15G,  Windows 10 , 64 bit Build 19041 (10.0.19041.1645)
Time: Mon May  9 12:25:24 2022 India Standard Time elapsed time: 2953.854978 seconds (0d 0h 49m 13s)

---------------  T H R E A D  ---------------

Current thread (0x000001eb82a68800):  VMThread "VM Thread" [stack: 0x00000082bda00000,0x00000082bdb00000] [id=13168]

Stack: [0x00000082bda00000,0x00000082bdb00000]
[error occurred during error reporting (printing stack bounds), id 0xc0000005, EXCEPTION_ACCESS_VIOLATION (0xc0000005) at pc=0x000001ebe7510f2d]

Native frames: (J=compiled Java code, j=interpreted, Vv=VM code, C=native code)
V  [jvm.dll+0x6296da]
V  [jvm.dll+0x76323f]
V  [jvm.dll+0x7648e9]
V  [jvm.dll+0x764ed5]
V  [jvm.dll+0x764e8b]
V  [jvm.dll+0x628c23]
V  [jvm.dll+0x6292d8]
C  [ntdll.dll+0xa20cf]
C  [ntdll.dll+0x51454]
C  [ntdll.dll+0xa0bfe]
C  0x000001ebe7510f2d

VM_Operation (0x00000082be3ff270): GetOrSetLocal, mode: safepoint, requested by thread 0x000001eb83679800


---------------  P R O C E S S  ---------------

Threads class SMR info:
_java_thread_list=0x000001eb87383bc0, length=26, elements={
0x000001ebdfe9b000, 0x000001eb82a6b800, 0x000001eb82a74800, 0x000001eb8338d800,
0x000001eb83390000, 0x000001eb83391000, 0x000001eb83394000, 0x000001eb83345000,
0x000001eb83396000, 0x000001eb83679800, 0x000001eb8367b000, 0x000001eb8367e000,
0x000001eb83ad2800, 0x000001eb83fbc000, 0x000001eb8479d000, 0x000001eb843a1800,
0x000001eb87186800, 0x000001eb862eb000, 0x000001eb84d2f800, 0x000001eb85c48800,
0x000001eb83e70000, 0x000001eb85f5d800, 0x000001eb85f5a800, 0x000001eb85f5e800,
0x000001eb85f5f000, 0x000001eb85f60000
}

Java Threads: ( => current thread )
  0x000001ebdfe9b000 JavaThread "main" [_thread_blocked, id=21624, stack(0x00000082bd400000,0x00000082bd500000)]
  0x000001eb82a6b800 JavaThread "Reference Handler" daemon [_thread_blocked, id=21172, stack(0x00000082bdb00000,0x00000082bdc00000)]
  0x000001eb82a74800 JavaThread "Finalizer" daemon [_thread_blocked, id=16720, stack(0x00000082bdc00000,0x00000082bdd00000)]
  0x000001eb8338d800 JavaThread "Signal Dispatcher" daemon [_thread_blocked, id=20876, stack(0x00000082bdd00000,0x00000082bde00000)]
  0x000001eb83390000 JavaThread "Attach Listener" daemon [_thread_blocked, id=6888, stack(0x00000082bde00000,0x00000082bdf00000)]
  0x000001eb83391000 JavaThread "Service Thread" daemon [_thread_blocked, id=24744, stack(0x00000082bdf00000,0x00000082be000000)]
  0x000001eb83394000 JavaThread "C2 CompilerThread0" daemon [_thread_blocked, id=16352, stack(0x00000082be000000,0x00000082be100000)]
  0x000001eb83345000 JavaThread "C1 CompilerThread0" daemon [_thread_blocked, id=16832, stack(0x00000082be100000,0x00000082be200000)]
  0x000001eb83396000 JavaThread "Sweeper thread" daemon [_thread_blocked, id=23708, stack(0x00000082be200000,0x00000082be300000)]
  0x000001eb83679800 JavaThread "JDWP Transport Listener: dt_socket" daemon [_thread_blocked, id=11696, stack(0x00000082be300000,0x00000082be400000)] _threads_hazard_ptr=0x000001eb87383bc0
  0x000001eb8367b000 JavaThread "JDWP Event Helper Thread" daemon [_thread_blocked, id=25288, stack(0x00000082be400000,0x00000082be500000)]
  0x000001eb8367e000 JavaThread "JDWP Command Reader" daemon [_thread_blocked, id=11812, stack(0x00000082be500000,0x00000082be600000)]
  0x000001eb83ad2800 JavaThread "Common-Cleaner" daemon [_thread_blocked, id=17368, stack(0x00000082be700000,0x00000082be800000)]
  0x000001eb83fbc000 JavaThread "ReaderThread" [_thread_in_native, id=20164, stack(0x00000082bea00000,0x00000082beb00000)]
  0x000001eb8479d000 JavaThread "TestNG-test=sample testcases-1" [_thread_blocked, id=12260, stack(0x00000082bf000000,0x00000082bf100000)]
  0x000001eb843a1800 JavaThread "TestNG-PoolService-0" [_thread_blocked, id=23664, stack(0x00000082bf100000,0x00000082bf200000)]
  0x000001eb87186800 JavaThread "ForkJoinPool.commonPool-worker-3" daemon [_thread_blocked, id=23504, stack(0x00000082bf600000,0x00000082bf700000)]
  0x000001eb862eb000 JavaThread "AsyncHttpClient-1-1" daemon [_thread_blocked, id=20600, stack(0x00000082bf700000,0x00000082bf800000)]
  0x000001eb84d2f800 JavaThread "Exec Default Executor" daemon [_thread_in_native, id=24144, stack(0x00000082be800000,0x00000082be900000)]
  0x000001eb85c48800 JavaThread "Driver Service Executor" daemon [_thread_blocked, id=21664, stack(0x00000082bf200000,0x00000082bf300000)]
  0x000001eb83e70000 JavaThread "Driver Service Executor" daemon [_thread_blocked, id=23872, stack(0x00000082bf800000,0x00000082bf900000)]
  0x000001eb85f5d800 JavaThread "Exec Stream Pumper" daemon [_thread_in_native, id=18352, stack(0x00000082bfa00000,0x00000082bfb00000)]
  0x000001eb85f5a800 JavaThread "Exec Stream Pumper" daemon [_thread_in_native, id=13612, stack(0x00000082bfb00000,0x00000082bfc00000)]
  0x000001eb85f5e800 JavaThread "AsyncHttpClient-1-2" daemon [_thread_in_native, id=15548, stack(0x00000082bfe00000,0x00000082bff00000)]
  0x000001eb85f5f000 JavaThread "AsyncHttpClient-1-3" daemon [_thread_in_native, id=7632, stack(0x00000082bfd00000,0x00000082bfe00000)]
  0x000001eb85f60000 JavaThread "AsyncHttpClient-1-4" daemon [_thread_in_native, id=23608, stack(0x00000082bff00000,0x00000082c0000000)]

Other Threads:
=>0x000001eb82a68800 VMThread "VM Thread" [stack: 0x00000082bda00000,0x00000082bdb00000] [id=13168]
  0x000001eb8368e800 WatcherThread [stack: 0x00000082be600000,0x00000082be700000] [id=19724]
  0x000001ebdfeb1000 GCTaskThread "GC Thread#0" [stack: 0x00000082bd500000,0x00000082bd600000] [id=18984]
  0x000001eb8425c000 GCTaskThread "GC Thread#1" [stack: 0x00000082beb00000,0x00000082bec00000] [id=19668]
  0x000001eb84001000 GCTaskThread "GC Thread#2" [stack: 0x00000082bec00000,0x00000082bed00000] [id=12332]
  0x000001eb83f86000 GCTaskThread "GC Thread#3" [stack: 0x00000082bed00000,0x00000082bee00000] [id=23320]
  0x000001eb847a8800 GCTaskThread "GC Thread#4" [stack: 0x00000082bee00000,0x00000082bef00000] [id=12112]
  0x000001eb846f3000 GCTaskThread "GC Thread#5" [stack: 0x00000082bef00000,0x00000082bf000000] [id=18136]
  0x000001eb84d93800 GCTaskThread "GC Thread#6" [stack: 0x00000082bf300000,0x00000082bf400000] [id=17896]
  0x000001eb86044000 GCTaskThread "GC Thread#7" [stack: 0x00000082bf400000,0x00000082bf500000] [id=22240]
  0x000001ebdff0e000 ConcurrentGCThread "G1 Main Marker" [stack: 0x00000082bd600000,0x00000082bd700000] [id=21844]
  0x000001ebdff11000 ConcurrentGCThread "G1 Conc#0" [stack: 0x00000082bd700000,0x00000082bd800000] [id=22136]
  0x000001eb847c8800 ConcurrentGCThread "G1 Conc#1" [stack: 0x00000082bf500000,0x00000082bf600000] [id=7988]
  0x000001eb82951800 ConcurrentGCThread "G1 Refine#0" [stack: 0x00000082bd800000,0x00000082bd900000] [id=14696]
  0x000001eb82954800 ConcurrentGCThread "G1 Young RemSet Sampling" [stack: 0x00000082bd900000,0x00000082bda00000] [id=19532]

Threads with active compile tasks:

VM state:at safepoint (normal execution)

VM Mutex/Monitor currently owned by a thread:  ([mutex/lock_event])
[0x000001ebdfe97b80] Threads_lock - owner thread: 0x000001eb82a68800

Heap address: 0x0000000702400000, size: 4060 MB, Compressed Oops mode: Zero based, Oop shift amount: 3
Narrow klass base: 0x0000000800000000, Narrow klass shift: 0
Compressed class space size: 1073741824 Address: 0x0000000800000000

Heap:
 garbage-first heap   total 260096K, used 135708K [0x0000000702400000, 0x0000000800000000)
  region size 1024K, 105 young (107520K), 12 survivors (12288K)
 Metaspace       used 49865K, capacity 51458K, committed 51712K, reserved 1093632K
  class space    used 5895K, capacity 6566K, committed 6656K, reserved 1048576K
Heap Regions: E=young(eden), S=young(survivor), O=old, HS=humongous(starts), HC=humongous(continues), CS=collection set, F=free, A=archive, TAMS=top-at-mark-start (previous, next)
|   0|0x0000000702400000, 0x0000000702500000, 0x0000000702500000|100%| O|  |TAMS 0x0000000702500000, 0x0000000702400000| Untracked 
|   1|0x0000000702500000, 0x0000000702600000, 0x0000000702600000|100%| O|  |TAMS 0x0000000702600000, 0x0000000702500000| Untracked 
|   2|0x0000000702600000, 0x0000000702700000, 0x0000000702700000|100%| O|  |TAMS 0x0000000702700000, 0x0000000702600000| Untracked 
|   3|0x0000000702700000, 0x0000000702800000, 0x0000000702800000|100%| O|  |TAMS 0x0000000702800000, 0x0000000702700000| Untracked 
|   4|0x0000000702800000, 0x0000000702900000, 0x0000000702900000|100%| O|  |TAMS 0x0000000702900000, 0x0000000702800000| Untracked 
|   5|0x0000000702900000, 0x0000000702a00000, 0x0000000702a00000|100%| O|  |TAMS 0x0000000702a00000, 0x0000000702900000| Untracked 
|   6|0x0000000702a00000, 0x0000000702b00000, 0x0000000702b00000|100%| O|  |TAMS 0x0000000702b00000, 0x0000000702a00000| Untracked 
|   7|0x0000000702b00000, 0x0000000702c00000, 0x0000000702c00000|100%| O|  |TAMS 0x0000000702c00000, 0x0000000702b00000| Untracked 
|   8|0x0000000702c00000, 0x0000000702d00000, 0x0000000702d00000|100%| O|  |TAMS 0x0000000702d00000, 0x0000000702c00000| Untracked 
|   9|0x0000000702d00000, 0x0000000702e00000, 0x0000000702e00000|100%| O|  |TAMS 0x0000000702e00000, 0x0000000702d00000| Untracked 
|  10|0x0000000702e00000, 0x0000000702f00000, 0x0000000702f00000|100%| O|  |TAMS 0x0000000702f00000, 0x0000000702e00000| Untracked 
|  11|0x0000000702f00000, 0x0000000703000000, 0x0000000703000000|100%| O|  |TAMS 0x0000000702f2a000, 0x0000000702f00000| Untracked 
|  12|0x0000000703000000, 0x0000000703100000, 0x0000000703100000|100%|HS|  |TAMS 0x0000000703000000, 0x0000000703000000| Complete 
|  13|0x0000000703100000, 0x0000000703200000, 0x0000000703200000|100%|HC|  |TAMS 0x0000000703100000, 0x0000000703100000| Complete 
|  14|0x0000000703200000, 0x0000000703300000, 0x0000000703300000|100%|HC|  |TAMS 0x0000000703200000, 0x0000000703200000| Complete 
|  15|0x0000000703300000, 0x0000000703400000, 0x0000000703400000|100%|HC|  |TAMS 0x0000000703300000, 0x0000000703300000| Complete 
|  16|0x0000000703400000, 0x0000000703500000, 0x0000000703500000|100%|HC|  |TAMS 0x0000000703400000, 0x0000000703400000| Complete 
|  17|0x0000000703500000, 0x0000000703600000, 0x0000000703600000|100%|HC|  |TAMS 0x0000000703500000, 0x0000000703500000| Complete 
|  18|0x0000000703600000, 0x0000000703700000, 0x0000000703700000|100%|HC|  |TAMS 0x0000000703600000, 0x0000000703600000| Complete 
|  19|0x0000000703700000, 0x0000000703800000, 0x0000000703800000|100%|HC|  |TAMS 0x0000000703700000, 0x0000000703700000| Complete 
|  20|0x0000000703800000, 0x0000000703900000, 0x0000000703900000|100%|HC|  |TAMS 0x0000000703800000, 0x0000000703800000| Complete 
|  21|0x0000000703900000, 0x0000000703a00000, 0x0000000703a00000|100%|HC|  |TAMS 0x0000000703900000, 0x0000000703900000| Complete 
|  22|0x0000000703a00000, 0x0000000703b00000, 0x0000000703b00000|100%|HC|  |TAMS 0x0000000703a00000, 0x0000000703a00000| Complete 
|  23|0x0000000703b00000, 0x0000000703c00000, 0x0000000703c00000|100%|HC|  |TAMS 0x0000000703b00000, 0x0000000703b00000| Complete 
|  24|0x0000000703c00000, 0x0000000703d00000, 0x0000000703d00000|100%|HC|  |TAMS 0x0000000703c00000, 0x0000000703c00000| Complete 
|  25|0x0000000703d00000, 0x0000000703e00000, 0x0000000703e00000|100%|HC|  |TAMS 0x0000000703d00000, 0x0000000703d00000| Complete 
|  26|0x0000000703e00000, 0x0000000703f00000, 0x0000000703f00000|100%|HC|  |TAMS 0x0000000703e00000, 0x0000000703e00000| Complete 
|  27|0x0000000703f00000, 0x0000000704000000, 0x0000000704000000|100%|HC|  |TAMS 0x0000000703f00000, 0x0000000703f00000| Complete 
|  28|0x0000000704000000, 0x0000000704100000, 0x0000000704100000|100%|HC|  |TAMS 0x0000000704000000, 0x0000000704000000| Complete 
|  29|0x0000000704100000, 0x0000000704194200, 0x0000000704200000| 57%| O|  |TAMS 0x0000000704100000, 0x0000000704100000| Untracked 
|  30|0x0000000704200000, 0x0000000704200000, 0x0000000704300000|  0%| F|  |TAMS 0x0000000704200000, 0x0000000704200000| Untracked 
|  31|0x0000000704300000, 0x0000000704300000, 0x0000000704400000|  0%| F|  |TAMS 0x0000000704300000, 0x0000000704300000| Untracked 
|  32|0x0000000704400000, 0x0000000704400000, 0x0000000704500000|  0%| F|  |TAMS 0x0000000704400000, 0x0000000704400000| Untracked 
|  33|0x0000000704500000, 0x0000000704500000, 0x0000000704600000|  0%| F|  |TAMS 0x0000000704500000, 0x0000000704500000| Untracked 
|  34|0x0000000704600000, 0x0000000704600000, 0x0000000704700000|  0%| F|  |TAMS 0x0000000704600000, 0x0000000704600000| Untracked 
|  35|0x0000000704700000, 0x0000000704700000, 0x0000000704800000|  0%| F|  |TAMS 0x0000000704700000, 0x0000000704700000| Untracked 
|  36|0x0000000704800000, 0x0000000704800000, 0x0000000704900000|  0%| F|  |TAMS 0x0000000704800000, 0x0000000704800000| Untracked 
|  37|0x0000000704900000, 0x0000000704900000, 0x0000000704a00000|  0%| F|  |TAMS 0x0000000704900000, 0x0000000704900000| Untracked 
|  38|0x0000000704a00000, 0x0000000704a00000, 0x0000000704b00000|  0%| F|  |TAMS 0x0000000704a00000, 0x0000000704a00000| Untracked 
|  39|0x0000000704b00000, 0x0000000704b00000, 0x0000000704c00000|  0%| F|  |TAMS 0x0000000704b00000, 0x0000000704b00000| Untracked 
|  40|0x0000000704c00000, 0x0000000704c00000, 0x0000000704d00000|  0%| F|  |TAMS 0x0000000704c00000, 0x0000000704c00000| Untracked 
|  41|0x0000000704d00000, 0x0000000704d00000, 0x0000000704e00000|  0%| F|  |TAMS 0x0000000704d00000, 0x0000000704d00000| Untracked 
|  42|0x0000000704e00000, 0x0000000704e00000, 0x0000000704f00000|  0%| F|  |TAMS 0x0000000704e00000, 0x0000000704e00000| Untracked 
|  43|0x0000000704f00000, 0x0000000704f00000, 0x0000000705000000|  0%| F|  |TAMS 0x0000000704f00000, 0x0000000704f00000| Untracked 
|  44|0x0000000705000000, 0x0000000705000000, 0x0000000705100000|  0%| F|  |TAMS 0x0000000705000000, 0x0000000705000000| Untracked 
|  45|0x0000000705100000, 0x0000000705100000, 0x0000000705200000|  0%| F|  |TAMS 0x0000000705100000, 0x0000000705100000| Untracked 
|  46|0x0000000705200000, 0x0000000705200000, 0x0000000705300000|  0%| F|  |TAMS 0x0000000705200000, 0x0000000705200000| Untracked 
|  47|0x0000000705300000, 0x0000000705300000, 0x0000000705400000|  0%| F|  |TAMS 0x0000000705300000, 0x0000000705300000| Untracked 
|  48|0x0000000705400000, 0x0000000705400000, 0x0000000705500000|  0%| F|  |TAMS 0x0000000705400000, 0x0000000705400000| Untracked 
|  49|0x0000000705500000, 0x0000000705500000, 0x0000000705600000|  0%| F|  |TAMS 0x0000000705500000, 0x0000000705500000| Untracked 
|  50|0x0000000705600000, 0x0000000705600000, 0x0000000705700000|  0%| F|  |TAMS 0x0000000705600000, 0x0000000705600000| Untracked 
|  51|0x0000000705700000, 0x0000000705700000, 0x0000000705800000|  0%| F|  |TAMS 0x0000000705700000, 0x0000000705700000| Untracked 
|  52|0x0000000705800000, 0x0000000705800000, 0x0000000705900000|  0%| F|  |TAMS 0x0000000705800000, 0x0000000705800000| Untracked 
|  53|0x0000000705900000, 0x0000000705900000, 0x0000000705a00000|  0%| F|  |TAMS 0x0000000705900000, 0x0000000705900000| Untracked 
|  54|0x0000000705a00000, 0x0000000705a00000, 0x0000000705b00000|  0%| F|  |TAMS 0x0000000705a00000, 0x0000000705a00000| Untracked 
|  55|0x0000000705b00000, 0x0000000705b00000, 0x0000000705c00000|  0%| F|  |TAMS 0x0000000705b00000, 0x0000000705b00000| Untracked 
|  56|0x0000000705c00000, 0x0000000705c00000, 0x0000000705d00000|  0%| F|  |TAMS 0x0000000705c00000, 0x0000000705c00000| Untracked 
|  57|0x0000000705d00000, 0x0000000705d00000, 0x0000000705e00000|  0%| F|  |TAMS 0x0000000705d00000, 0x0000000705d00000| Untracked 
|  58|0x0000000705e00000, 0x0000000705e00000, 0x0000000705f00000|  0%| F|  |TAMS 0x0000000705e00000, 0x0000000705e00000| Untracked 
|  59|0x0000000705f00000, 0x0000000705f00000, 0x0000000706000000|  0%| F|  |TAMS 0x0000000705f00000, 0x0000000705f00000| Untracked 
|  60|0x0000000706000000, 0x0000000706000000, 0x0000000706100000|  0%| F|  |TAMS 0x0000000706000000, 0x0000000706000000| Untracked 
|  61|0x0000000706100000, 0x0000000706100000, 0x0000000706200000|  0%| F|  |TAMS 0x0000000706100000, 0x0000000706100000| Untracked 
|  62|0x0000000706200000, 0x0000000706200000, 0x0000000706300000|  0%| F|  |TAMS 0x0000000706200000, 0x0000000706200000| Untracked 
|  63|0x0000000706300000, 0x0000000706300000, 0x0000000706400000|  0%| F|  |TAMS 0x0000000706300000, 0x0000000706300000| Untracked 
|  64|0x0000000706400000, 0x0000000706400000, 0x0000000706500000|  0%| F|  |TAMS 0x0000000706400000, 0x0000000706400000| Untracked 
|  65|0x0000000706500000, 0x0000000706500000, 0x0000000706600000|  0%| F|  |TAMS 0x0000000706500000, 0x0000000706500000| Untracked 
|  66|0x0000000706600000, 0x0000000706600000, 0x0000000706700000|  0%| F|  |TAMS 0x0000000706600000, 0x0000000706600000| Untracked 
|  67|0x0000000706700000, 0x0000000706700000, 0x0000000706800000|  0%| F|  |TAMS 0x0000000706700000, 0x0000000706700000| Untracked 
|  68|0x0000000706800000, 0x0000000706800000, 0x0000000706900000|  0%| F|  |TAMS 0x0000000706800000, 0x0000000706800000| Untracked 
|  69|0x0000000706900000, 0x0000000706900000, 0x0000000706a00000|  0%| F|  |TAMS 0x0000000706900000, 0x0000000706900000| Untracked 
|  70|0x0000000706a00000, 0x0000000706a00000, 0x0000000706b00000|  0%| F|  |TAMS 0x0000000706a00000, 0x0000000706a00000| Untracked 
|  71|0x0000000706b00000, 0x0000000706b00000, 0x0000000706c00000|  0%| F|  |TAMS 0x0000000706b00000, 0x0000000706b00000| Untracked 
|  72|0x0000000706c00000, 0x0000000706c00000, 0x0000000706d00000|  0%| F|  |TAMS 0x0000000706c00000, 0x0000000706c00000| Untracked 
|  73|0x0000000706d00000, 0x0000000706d00000, 0x0000000706e00000|  0%| F|  |TAMS 0x0000000706d00000, 0x0000000706d00000| Untracked 
|  74|0x0000000706e00000, 0x0000000706e00000, 0x0000000706f00000|  0%| F|  |TAMS 0x0000000706e00000, 0x0000000706e00000| Untracked 
|  75|0x0000000706f00000, 0x0000000706f00000, 0x0000000707000000|  0%| F|  |TAMS 0x0000000706f00000, 0x0000000706f00000| Untracked 
|  76|0x0000000707000000, 0x0000000707000000, 0x0000000707100000|  0%| F|  |TAMS 0x0000000707000000, 0x0000000707000000| Untracked 
|  77|0x0000000707100000, 0x0000000707100000, 0x0000000707200000|  0%| F|  |TAMS 0x0000000707100000, 0x0000000707100000| Untracked 
|  78|0x0000000707200000, 0x0000000707200000, 0x0000000707300000|  0%| F|  |TAMS 0x0000000707200000, 0x0000000707200000| Untracked 
|  79|0x0000000707300000, 0x0000000707300000, 0x0000000707400000|  0%| F|  |TAMS 0x0000000707300000, 0x0000000707300000| Untracked 
|  80|0x0000000707400000, 0x0000000707400000, 0x0000000707500000|  0%| F|  |TAMS 0x0000000707400000, 0x0000000707400000| Untracked 
|  81|0x0000000707500000, 0x0000000707500000, 0x0000000707600000|  0%| F|  |TAMS 0x0000000707500000, 0x0000000707500000| Untracked 
|  82|0x0000000707600000, 0x0000000707600000, 0x0000000707700000|  0%| F|  |TAMS 0x0000000707600000, 0x0000000707600000| Untracked 
|  83|0x0000000707700000, 0x0000000707700000, 0x0000000707800000|  0%| F|  |TAMS 0x0000000707700000, 0x0000000707700000| Untracked 
|  84|0x0000000707800000, 0x0000000707800000, 0x0000000707900000|  0%| F|  |TAMS 0x0000000707800000, 0x0000000707800000| Untracked 
|  85|0x0000000707900000, 0x0000000707900000, 0x0000000707a00000|  0%| F|  |TAMS 0x0000000707900000, 0x0000000707900000| Untracked 
|  86|0x0000000707a00000, 0x0000000707a00000, 0x0000000707b00000|  0%| F|  |TAMS 0x0000000707a00000, 0x0000000707a00000| Untracked 
|  87|0x0000000707b00000, 0x0000000707b00000, 0x0000000707c00000|  0%| F|  |TAMS 0x0000000707b00000, 0x0000000707b00000| Untracked 
|  88|0x0000000707c00000, 0x0000000707c00000, 0x0000000707d00000|  0%| F|  |TAMS 0x0000000707c00000, 0x0000000707c00000| Untracked 
|  89|0x0000000707d00000, 0x0000000707d00000, 0x0000000707e00000|  0%| F|  |TAMS 0x0000000707d00000, 0x0000000707d00000| Untracked 
|  90|0x0000000707e00000, 0x0000000707e00000, 0x0000000707f00000|  0%| F|  |TAMS 0x0000000707e00000, 0x0000000707e00000| Untracked 
|  91|0x0000000707f00000, 0x0000000707f00000, 0x0000000708000000|  0%| F|  |TAMS 0x0000000707f00000, 0x0000000707f00000| Untracked 
|  92|0x0000000708000000, 0x0000000708000000, 0x0000000708100000|  0%| F|  |TAMS 0x0000000708000000, 0x0000000708000000| Untracked 
|  93|0x0000000708100000, 0x0000000708100000, 0x0000000708200000|  0%| F|  |TAMS 0x0000000708100000, 0x0000000708100000| Untracked 
|  94|0x0000000708200000, 0x0000000708200000, 0x0000000708300000|  0%| F|  |TAMS 0x0000000708200000, 0x0000000708200000| Untracked 
|  95|0x0000000708300000, 0x0000000708300000, 0x0000000708400000|  0%| F|  |TAMS 0x0000000708300000, 0x0000000708300000| Untracked 
|  96|0x0000000708400000, 0x0000000708400000, 0x0000000708500000|  0%| F|  |TAMS 0x0000000708400000, 0x0000000708400000| Untracked 
|  97|0x0000000708500000, 0x0000000708500000, 0x0000000708600000|  0%| F|  |TAMS 0x0000000708500000, 0x0000000708500000| Untracked 
|  98|0x0000000708600000, 0x0000000708600000, 0x0000000708700000|  0%| F|  |TAMS 0x0000000708600000, 0x0000000708600000| Untracked 
|  99|0x0000000708700000, 0x0000000708700000, 0x0000000708800000|  0%| F|  |TAMS 0x0000000708700000, 0x0000000708700000| Untracked 
| 100|0x0000000708800000, 0x0000000708800000, 0x0000000708900000|  0%| F|  |TAMS 0x0000000708800000, 0x0000000708800000| Untracked 
| 101|0x0000000708900000, 0x0000000708900000, 0x0000000708a00000|  0%| F|  |TAMS 0x0000000708900000, 0x0000000708900000| Untracked 
| 102|0x0000000708a00000, 0x0000000708a00000, 0x0000000708b00000|  0%| F|  |TAMS 0x0000000708a00000, 0x0000000708a00000| Untracked 
| 103|0x0000000708b00000, 0x0000000708b00000, 0x0000000708c00000|  0%| F|  |TAMS 0x0000000708b00000, 0x0000000708b00000| Untracked 
| 104|0x0000000708c00000, 0x0000000708c00000, 0x0000000708d00000|  0%| F|  |TAMS 0x0000000708c00000, 0x0000000708c00000| Untracked 
| 105|0x0000000708d00000, 0x0000000708d00000, 0x0000000708e00000|  0%| F|  |TAMS 0x0000000708d00000, 0x0000000708d00000| Untracked 
| 106|0x0000000708e00000, 0x0000000708e00000, 0x0000000708f00000|  0%| F|  |TAMS 0x0000000708e00000, 0x0000000708e00000| Untracked 
| 107|0x0000000708f00000, 0x0000000708f00000, 0x0000000709000000|  0%| F|  |TAMS 0x0000000708f00000, 0x0000000708f00000| Untracked 
| 108|0x0000000709000000, 0x0000000709000000, 0x0000000709100000|  0%| F|  |TAMS 0x0000000709000000, 0x0000000709000000| Untracked 
| 109|0x0000000709100000, 0x0000000709100000, 0x0000000709200000|  0%| F|  |TAMS 0x0000000709100000, 0x0000000709100000| Untracked 
| 110|0x0000000709200000, 0x0000000709200000, 0x0000000709300000|  0%| F|  |TAMS 0x0000000709200000, 0x0000000709200000| Untracked 
| 111|0x0000000709300000, 0x0000000709300000, 0x0000000709400000|  0%| F|  |TAMS 0x0000000709300000, 0x0000000709300000| Untracked 
| 112|0x0000000709400000, 0x0000000709400000, 0x0000000709500000|  0%| F|  |TAMS 0x0000000709400000, 0x0000000709400000| Untracked 
| 113|0x0000000709500000, 0x0000000709500000, 0x0000000709600000|  0%| F|  |TAMS 0x0000000709500000, 0x0000000709500000| Untracked 
| 114|0x0000000709600000, 0x0000000709600000, 0x0000000709700000|  0%| F|  |TAMS 0x0000000709600000, 0x0000000709600000| Untracked 
| 115|0x0000000709700000, 0x0000000709700000, 0x0000000709800000|  0%| F|  |TAMS 0x0000000709700000, 0x0000000709700000| Untracked 
| 116|0x0000000709800000, 0x0000000709800000, 0x0000000709900000|  0%| F|  |TAMS 0x0000000709800000, 0x0000000709800000| Untracked 
| 117|0x0000000709900000, 0x0000000709900000, 0x0000000709a00000|  0%| F|  |TAMS 0x0000000709900000, 0x0000000709900000| Untracked 
| 118|0x0000000709a00000, 0x0000000709a00000, 0x0000000709b00000|  0%| F|  |TAMS 0x0000000709a00000, 0x0000000709a00000| Untracked 
| 119|0x0000000709b00000, 0x0000000709b00000, 0x0000000709c00000|  0%| F|  |TAMS 0x0000000709b00000, 0x0000000709b00000| Untracked 
| 120|0x0000000709c00000, 0x0000000709c00000, 0x0000000709d00000|  0%| F|  |TAMS 0x0000000709c00000, 0x0000000709c00000| Untracked 
| 121|0x0000000709d00000, 0x0000000709d00000, 0x0000000709e00000|  0%| F|  |TAMS 0x0000000709d00000, 0x0000000709d00000| Untracked 
| 122|0x0000000709e00000, 0x0000000709e00000, 0x0000000709f00000|  0%| F|  |TAMS 0x0000000709e00000, 0x0000000709e00000| Untracked 
| 123|0x0000000709f00000, 0x0000000709f00000, 0x000000070a000000|  0%| F|  |TAMS 0x0000000709f00000, 0x0000000709f00000| Untracked 
| 124|0x000000070a000000, 0x000000070a000000, 0x000000070a100000|  0%| F|  |TAMS 0x000000070a000000, 0x000000070a000000| Untracked 
| 125|0x000000070a100000, 0x000000070a100000, 0x000000070a200000|  0%| F|  |TAMS 0x000000070a100000, 0x000000070a100000| Untracked 
| 126|0x000000070a200000, 0x000000070a200000, 0x000000070a300000|  0%| F|  |TAMS 0x000000070a200000, 0x000000070a200000| Untracked 
| 127|0x000000070a300000, 0x000000070a300000, 0x000000070a400000|  0%| F|  |TAMS 0x000000070a300000, 0x000000070a300000| Untracked 
| 128|0x000000070a400000, 0x000000070a400000, 0x000000070a500000|  0%| F|  |TAMS 0x000000070a400000, 0x000000070a400000| Untracked 
| 129|0x000000070a500000, 0x000000070a500000, 0x000000070a600000|  0%| F|  |TAMS 0x000000070a500000, 0x000000070a500000| Untracked 
| 130|0x000000070a600000, 0x000000070a6f2fa8, 0x000000070a700000| 94%| S|CS|TAMS 0x000000070a600000, 0x000000070a600000| Complete 
| 131|0x000000070a700000, 0x000000070a800000, 0x000000070a800000|100%| S|CS|TAMS 0x000000070a700000, 0x000000070a700000| Complete 
| 132|0x000000070a800000, 0x000000070a900000, 0x000000070a900000|100%| S|CS|TAMS 0x000000070a800000, 0x000000070a800000| Complete 
| 133|0x000000070a900000, 0x000000070aa00000, 0x000000070aa00000|100%| S|CS|TAMS 0x000000070a900000, 0x000000070a900000| Complete 
| 134|0x000000070aa00000, 0x000000070ab00000, 0x000000070ab00000|100%| S|CS|TAMS 0x000000070aa00000, 0x000000070aa00000| Complete 
| 135|0x000000070ab00000, 0x000000070ac00000, 0x000000070ac00000|100%| S|CS|TAMS 0x000000070ab00000, 0x000000070ab00000| Complete 
| 136|0x000000070ac00000, 0x000000070ad00000, 0x000000070ad00000|100%| S|CS|TAMS 0x000000070ac00000, 0x000000070ac00000| Complete 
| 137|0x000000070ad00000, 0x000000070ae00000, 0x000000070ae00000|100%| S|CS|TAMS 0x000000070ad00000, 0x000000070ad00000| Complete 
| 138|0x000000070ae00000, 0x000000070af00000, 0x000000070af00000|100%| S|CS|TAMS 0x000000070ae00000, 0x000000070ae00000| Complete 
| 139|0x000000070af00000, 0x000000070b000000, 0x000000070b000000|100%| S|CS|TAMS 0x000000070af00000, 0x000000070af00000| Complete 
| 140|0x000000070b000000, 0x000000070b100000, 0x000000070b100000|100%| S|CS|TAMS 0x000000070b000000, 0x000000070b000000| Complete 
| 141|0x000000070b100000, 0x000000070b200000, 0x000000070b200000|100%| S|CS|TAMS 0x000000070b100000, 0x000000070b100000| Complete 
| 142|0x000000070b200000, 0x000000070b200000, 0x000000070b300000|  0%| F|  |TAMS 0x000000070b200000, 0x000000070b200000| Untracked 
| 143|0x000000070b300000, 0x000000070b300000, 0x000000070b400000|  0%| F|  |TAMS 0x000000070b300000, 0x000000070b300000| Untracked 
| 144|0x000000070b400000, 0x000000070b400000, 0x000000070b500000|  0%| F|  |TAMS 0x000000070b400000, 0x000000070b400000| Untracked 
| 145|0x000000070b500000, 0x000000070b500000, 0x000000070b600000|  0%| F|  |TAMS 0x000000070b500000, 0x000000070b500000| Untracked 
| 146|0x000000070b600000, 0x000000070b600000, 0x000000070b700000|  0%| F|  |TAMS 0x000000070b600000, 0x000000070b600000| Untracked 
| 147|0x000000070b700000, 0x000000070b700000, 0x000000070b800000|  0%| F|  |TAMS 0x000000070b700000, 0x000000070b700000| Untracked 
| 148|0x000000070b800000, 0x000000070b800000, 0x000000070b900000|  0%| F|  |TAMS 0x000000070b800000, 0x000000070b800000| Untracked 
| 149|0x000000070b900000, 0x000000070b900000, 0x000000070ba00000|  0%| F|  |TAMS 0x000000070b900000, 0x000000070b900000| Untracked 
| 150|0x000000070ba00000, 0x000000070ba00000, 0x000000070bb00000|  0%| F|  |TAMS 0x000000070ba00000, 0x000000070ba00000| Untracked 
| 151|0x000000070bb00000, 0x000000070bb00000, 0x000000070bc00000|  0%| F|  |TAMS 0x000000070bb00000, 0x000000070bb00000| Untracked 
| 152|0x000000070bc00000, 0x000000070bc00000, 0x000000070bd00000|  0%| F|  |TAMS 0x000000070bc00000, 0x000000070bc00000| Untracked 
| 153|0x000000070bd00000, 0x000000070bd00000, 0x000000070be00000|  0%| F|  |TAMS 0x000000070bd00000, 0x000000070bd00000| Untracked 
| 154|0x000000070be00000, 0x000000070be00000, 0x000000070bf00000|  0%| F|  |TAMS 0x000000070be00000, 0x000000070be00000| Untracked 
| 155|0x000000070bf00000, 0x000000070bf00000, 0x000000070c000000|  0%| F|  |TAMS 0x000000070bf00000, 0x000000070bf00000| Untracked 
| 156|0x000000070c000000, 0x000000070c000000, 0x000000070c100000|  0%| F|  |TAMS 0x000000070c000000, 0x000000070c000000| Untracked 
| 157|0x000000070c100000, 0x000000070c100000, 0x000000070c200000|  0%| F|  |TAMS 0x000000070c100000, 0x000000070c100000| Untracked 
| 158|0x000000070c200000, 0x000000070c200000, 0x000000070c300000|  0%| F|  |TAMS 0x000000070c200000, 0x000000070c200000| Untracked 
| 159|0x000000070c300000, 0x000000070c300000, 0x000000070c400000|  0%| F|  |TAMS 0x000000070c300000, 0x000000070c300000| Untracked 
| 160|0x000000070c400000, 0x000000070c400000, 0x000000070c500000|  0%| F|  |TAMS 0x000000070c400000, 0x000000070c400000| Untracked 
| 161|0x000000070c500000, 0x000000070c53fa90, 0x000000070c600000| 24%| E|  |TAMS 0x000000070c500000, 0x000000070c500000| Complete 
| 162|0x000000070c600000, 0x000000070c700000, 0x000000070c700000|100%| E|CS|TAMS 0x000000070c600000, 0x000000070c600000| Complete 
| 163|0x000000070c700000, 0x000000070c800000, 0x000000070c800000|100%| E|CS|TAMS 0x000000070c700000, 0x000000070c700000| Complete 
| 164|0x000000070c800000, 0x000000070c900000, 0x000000070c900000|100%| E|CS|TAMS 0x000000070c800000, 0x000000070c800000| Complete 
| 165|0x000000070c900000, 0x000000070ca00000, 0x000000070ca00000|100%| E|CS|TAMS 0x000000070c900000, 0x000000070c900000| Complete 
| 166|0x000000070ca00000, 0x000000070cb00000, 0x000000070cb00000|100%| E|CS|TAMS 0x000000070ca00000, 0x000000070ca00000| Complete 
| 167|0x000000070cb00000, 0x000000070cc00000, 0x000000070cc00000|100%| E|CS|TAMS 0x000000070cb00000, 0x000000070cb00000| Complete 
| 168|0x000000070cc00000, 0x000000070cd00000, 0x000000070cd00000|100%| E|CS|TAMS 0x000000070cc00000, 0x000000070cc00000| Complete 
| 169|0x000000070cd00000, 0x000000070ce00000, 0x000000070ce00000|100%| E|CS|TAMS 0x000000070cd00000, 0x000000070cd00000| Complete 
| 170|0x000000070ce00000, 0x000000070cf00000, 0x000000070cf00000|100%| E|CS|TAMS 0x000000070ce00000, 0x000000070ce00000| Complete 
| 171|0x000000070cf00000, 0x000000070d000000, 0x000000070d000000|100%| E|CS|TAMS 0x000000070cf00000, 0x000000070cf00000| Complete 
| 172|0x000000070d000000, 0x000000070d100000, 0x000000070d100000|100%| E|CS|TAMS 0x000000070d000000, 0x000000070d000000| Complete 
| 173|0x000000070d100000, 0x000000070d200000, 0x000000070d200000|100%| E|CS|TAMS 0x000000070d100000, 0x000000070d100000| Complete 
| 174|0x000000070d200000, 0x000000070d300000, 0x000000070d300000|100%| E|CS|TAMS 0x000000070d200000, 0x000000070d200000| Complete 
| 175|0x000000070d300000, 0x000000070d400000, 0x000000070d400000|100%| E|CS|TAMS 0x000000070d300000, 0x000000070d300000| Complete 
| 176|0x000000070d400000, 0x000000070d500000, 0x000000070d500000|100%| E|CS|TAMS 0x000000070d400000, 0x000000070d400000| Complete 
| 177|0x000000070d500000, 0x000000070d600000, 0x000000070d600000|100%| E|CS|TAMS 0x000000070d500000, 0x000000070d500000| Complete 
| 178|0x000000070d600000, 0x000000070d700000, 0x000000070d700000|100%| E|CS|TAMS 0x000000070d600000, 0x000000070d600000| Complete 
| 179|0x000000070d700000, 0x000000070d800000, 0x000000070d800000|100%| E|CS|TAMS 0x000000070d700000, 0x000000070d700000| Complete 
| 180|0x000000070d800000, 0x000000070d900000, 0x000000070d900000|100%| E|CS|TAMS 0x000000070d800000, 0x000000070d800000| Complete 
| 181|0x000000070d900000, 0x000000070da00000, 0x000000070da00000|100%| E|CS|TAMS 0x000000070d900000, 0x000000070d900000| Complete 
| 182|0x000000070da00000, 0x000000070db00000, 0x000000070db00000|100%| E|CS|TAMS 0x000000070da00000, 0x000000070da00000| Complete 
| 183|0x000000070db00000, 0x000000070dc00000, 0x000000070dc00000|100%| E|CS|TAMS 0x000000070db00000, 0x000000070db00000| Complete 
| 184|0x000000070dc00000, 0x000000070dd00000, 0x000000070dd00000|100%| E|CS|TAMS 0x000000070dc00000, 0x000000070dc00000| Complete 
| 185|0x000000070dd00000, 0x000000070de00000, 0x000000070de00000|100%| E|CS|TAMS 0x000000070dd00000, 0x000000070dd00000| Complete 
| 186|0x000000070de00000, 0x000000070df00000, 0x000000070df00000|100%| E|CS|TAMS 0x000000070de00000, 0x000000070de00000| Complete 
| 187|0x000000070df00000, 0x000000070e000000, 0x000000070e000000|100%| E|CS|TAMS 0x000000070df00000, 0x000000070df00000| Complete 
| 188|0x000000070e000000, 0x000000070e100000, 0x000000070e100000|100%| E|CS|TAMS 0x000000070e000000, 0x000000070e000000| Complete 
| 189|0x000000070e100000, 0x000000070e200000, 0x000000070e200000|100%| E|CS|TAMS 0x000000070e100000, 0x000000070e100000| Complete 
| 190|0x000000070e200000, 0x000000070e300000, 0x000000070e300000|100%| E|CS|TAMS 0x000000070e200000, 0x000000070e200000| Complete 
| 191|0x000000070e300000, 0x000000070e400000, 0x000000070e400000|100%| E|CS|TAMS 0x000000070e300000, 0x000000070e300000| Complete 
| 192|0x000000070e400000, 0x000000070e500000, 0x000000070e500000|100%| E|CS|TAMS 0x000000070e400000, 0x000000070e400000| Complete 
| 193|0x000000070e500000, 0x000000070e600000, 0x000000070e600000|100%| E|CS|TAMS 0x000000070e500000, 0x000000070e500000| Complete 
| 194|0x000000070e600000, 0x000000070e700000, 0x000000070e700000|100%| E|CS|TAMS 0x000000070e600000, 0x000000070e600000| Complete 
| 195|0x000000070e700000, 0x000000070e800000, 0x000000070e800000|100%| E|CS|TAMS 0x000000070e700000, 0x000000070e700000| Complete 
| 196|0x000000070e800000, 0x000000070e900000, 0x000000070e900000|100%| E|CS|TAMS 0x000000070e800000, 0x000000070e800000| Complete 
| 197|0x000000070e900000, 0x000000070ea00000, 0x000000070ea00000|100%| E|CS|TAMS 0x000000070e900000, 0x000000070e900000| Complete 
| 198|0x000000070ea00000, 0x000000070eb00000, 0x000000070eb00000|100%| E|  |TAMS 0x000000070ea00000, 0x000000070ea00000| Complete 
| 199|0x000000070eb00000, 0x000000070ec00000, 0x000000070ec00000|100%| E|CS|TAMS 0x000000070eb00000, 0x000000070eb00000| Complete 
| 200|0x000000070ec00000, 0x000000070ed00000, 0x000000070ed00000|100%| E|CS|TAMS 0x000000070ec00000, 0x000000070ec00000| Complete 
| 201|0x000000070ed00000, 0x000000070ee00000, 0x000000070ee00000|100%| E|CS|TAMS 0x000000070ed00000, 0x000000070ed00000| Complete 
| 202|0x000000070ee00000, 0x000000070ef00000, 0x000000070ef00000|100%| E|CS|TAMS 0x000000070ee00000, 0x000000070ee00000| Complete 
| 203|0x000000070ef00000, 0x000000070f000000, 0x000000070f000000|100%| E|CS|TAMS 0x000000070ef00000, 0x000000070ef00000| Complete 
| 204|0x000000070f000000, 0x000000070f100000, 0x000000070f100000|100%| E|CS|TAMS 0x000000070f000000, 0x000000070f000000| Complete 
| 205|0x000000070f100000, 0x000000070f200000, 0x000000070f200000|100%| E|CS|TAMS 0x000000070f100000, 0x000000070f100000| Complete 
| 206|0x000000070f200000, 0x000000070f300000, 0x000000070f300000|100%| E|CS|TAMS 0x000000070f200000, 0x000000070f200000| Complete 
| 207|0x000000070f300000, 0x000000070f400000, 0x000000070f400000|100%| E|CS|TAMS 0x000000070f300000, 0x000000070f300000| Complete 
| 208|0x000000070f400000, 0x000000070f500000, 0x000000070f500000|100%| E|CS|TAMS 0x000000070f400000, 0x000000070f400000| Complete 
| 209|0x000000070f500000, 0x000000070f600000, 0x000000070f600000|100%| E|CS|TAMS 0x000000070f500000, 0x000000070f500000| Complete 
| 210|0x000000070f600000, 0x000000070f700000, 0x000000070f700000|100%| E|CS|TAMS 0x000000070f600000, 0x000000070f600000| Complete 
| 211|0x000000070f700000, 0x000000070f800000, 0x000000070f800000|100%| E|CS|TAMS 0x000000070f700000, 0x000000070f700000| Complete 
| 212|0x000000070f800000, 0x000000070f900000, 0x000000070f900000|100%| E|CS|TAMS 0x000000070f800000, 0x000000070f800000| Complete 
| 213|0x000000070f900000, 0x000000070fa00000, 0x000000070fa00000|100%| E|CS|TAMS 0x000000070f900000, 0x000000070f900000| Complete 
| 214|0x000000070fa00000, 0x000000070fb00000, 0x000000070fb00000|100%| E|CS|TAMS 0x000000070fa00000, 0x000000070fa00000| Complete 
| 215|0x000000070fb00000, 0x000000070fc00000, 0x000000070fc00000|100%| E|CS|TAMS 0x000000070fb00000, 0x000000070fb00000| Complete 
| 216|0x000000070fc00000, 0x000000070fd00000, 0x000000070fd00000|100%| E|CS|TAMS 0x000000070fc00000, 0x000000070fc00000| Complete 
| 217|0x000000070fd00000, 0x000000070fe00000, 0x000000070fe00000|100%| E|CS|TAMS 0x000000070fd00000, 0x000000070fd00000| Complete 
| 218|0x000000070fe00000, 0x000000070ff00000, 0x000000070ff00000|100%| E|CS|TAMS 0x000000070fe00000, 0x000000070fe00000| Complete 
| 219|0x000000070ff00000, 0x0000000710000000, 0x0000000710000000|100%| E|CS|TAMS 0x000000070ff00000, 0x000000070ff00000| Complete 
| 220|0x0000000710000000, 0x0000000710100000, 0x0000000710100000|100%| E|CS|TAMS 0x0000000710000000, 0x0000000710000000| Complete 
| 221|0x0000000710100000, 0x0000000710200000, 0x0000000710200000|100%| E|CS|TAMS 0x0000000710100000, 0x0000000710100000| Complete 
| 222|0x0000000710200000, 0x0000000710300000, 0x0000000710300000|100%| E|CS|TAMS 0x0000000710200000, 0x0000000710200000| Complete 
| 223|0x0000000710300000, 0x0000000710400000, 0x0000000710400000|100%| E|CS|TAMS 0x0000000710300000, 0x0000000710300000| Complete 
| 224|0x0000000710400000, 0x0000000710500000, 0x0000000710500000|100%| E|CS|TAMS 0x0000000710400000, 0x0000000710400000| Complete 
| 225|0x0000000710500000, 0x0000000710600000, 0x0000000710600000|100%| E|CS|TAMS 0x0000000710500000, 0x0000000710500000| Complete 
| 226|0x0000000710600000, 0x0000000710700000, 0x0000000710700000|100%| E|CS|TAMS 0x0000000710600000, 0x0000000710600000| Complete 
| 227|0x0000000710700000, 0x0000000710800000, 0x0000000710800000|100%| E|CS|TAMS 0x0000000710700000, 0x0000000710700000| Complete 
| 228|0x0000000710800000, 0x0000000710900000, 0x0000000710900000|100%| E|CS|TAMS 0x0000000710800000, 0x0000000710800000| Complete 
| 229|0x0000000710900000, 0x0000000710a00000, 0x0000000710a00000|100%| E|CS|TAMS 0x0000000710900000, 0x0000000710900000| Complete 
| 230|0x0000000710a00000, 0x0000000710b00000, 0x0000000710b00000|100%| E|CS|TAMS 0x0000000710a00000, 0x0000000710a00000| Complete 
| 231|0x0000000710b00000, 0x0000000710c00000, 0x0000000710c00000|100%| E|CS|TAMS 0x0000000710b00000, 0x0000000710b00000| Complete 
| 232|0x0000000710c00000, 0x0000000710d00000, 0x0000000710d00000|100%| E|CS|TAMS 0x0000000710c00000, 0x0000000710c00000| Complete 
| 233|0x0000000710d00000, 0x0000000710e00000, 0x0000000710e00000|100%| E|CS|TAMS 0x0000000710d00000, 0x0000000710d00000| Complete 
| 234|0x0000000710e00000, 0x0000000710f00000, 0x0000000710f00000|100%| E|CS|TAMS 0x0000000710e00000, 0x0000000710e00000| Complete 
| 235|0x0000000710f00000, 0x0000000711000000, 0x0000000711000000|100%| E|CS|TAMS 0x0000000710f00000, 0x0000000710f00000| Complete 
| 236|0x0000000711000000, 0x0000000711100000, 0x0000000711100000|100%| E|CS|TAMS 0x0000000711000000, 0x0000000711000000| Complete 
| 237|0x0000000711100000, 0x0000000711200000, 0x0000000711200000|100%| E|CS|TAMS 0x0000000711100000, 0x0000000711100000| Complete 
| 238|0x0000000711200000, 0x0000000711300000, 0x0000000711300000|100%| E|CS|TAMS 0x0000000711200000, 0x0000000711200000| Complete 
| 239|0x0000000711300000, 0x0000000711400000, 0x0000000711400000|100%| E|CS|TAMS 0x0000000711300000, 0x0000000711300000| Complete 
| 240|0x0000000711400000, 0x0000000711500000, 0x0000000711500000|100%| E|CS|TAMS 0x0000000711400000, 0x0000000711400000| Complete 
| 241|0x0000000711500000, 0x0000000711600000, 0x0000000711600000|100%| E|CS|TAMS 0x0000000711500000, 0x0000000711500000| Complete 
| 242|0x0000000711600000, 0x0000000711700000, 0x0000000711700000|100%| E|CS|TAMS 0x0000000711600000, 0x0000000711600000| Complete 
| 243|0x0000000711700000, 0x0000000711800000, 0x0000000711800000|100%| E|CS|TAMS 0x0000000711700000, 0x0000000711700000| Complete 
| 244|0x0000000711800000, 0x0000000711900000, 0x0000000711900000|100%| E|CS|TAMS 0x0000000711800000, 0x0000000711800000| Complete 
| 245|0x0000000711900000, 0x0000000711a00000, 0x0000000711a00000|100%| E|CS|TAMS 0x0000000711900000, 0x0000000711900000| Complete 
| 246|0x0000000711a00000, 0x0000000711b00000, 0x0000000711b00000|100%| E|CS|TAMS 0x0000000711a00000, 0x0000000711a00000| Complete 
| 247|0x0000000711b00000, 0x0000000711c00000, 0x0000000711c00000|100%| E|CS|TAMS 0x0000000711b00000, 0x0000000711b00000| Complete 
| 248|0x0000000711c00000, 0x0000000711d00000, 0x0000000711d00000|100%| E|CS|TAMS 0x0000000711c00000, 0x0000000711c00000| Complete 
| 249|0x0000000711d00000, 0x0000000711e00000, 0x0000000711e00000|100%| E|CS|TAMS 0x0000000711d00000, 0x0000000711d00000| Complete 
| 250|0x0000000711e00000, 0x0000000711f00000, 0x0000000711f00000|100%| E|CS|TAMS 0x0000000711e00000, 0x0000000711e00000| Complete 
| 251|0x0000000711f00000, 0x0000000712000000, 0x0000000712000000|100%| E|CS|TAMS 0x0000000711f00000, 0x0000000711f00000| Complete 
| 252|0x0000000712000000, 0x0000000712100000, 0x0000000712100000|100%| E|CS|TAMS 0x0000000712000000, 0x0000000712000000| Complete 
| 253|0x0000000712100000, 0x0000000712200000, 0x0000000712200000|100%| E|CS|TAMS 0x0000000712100000, 0x0000000712100000| Complete 

Card table byte_map: [0x000001ebf7030000,0x000001ebf7820000] _byte_map_base: 0x000001ebf381e000

Marking Bits (Prev, Next): (CMBitMap*) 0x000001ebdfefd418, (CMBitMap*) 0x000001ebdfefd450
 Prev Bits: [0x000001ebf8010000, 0x000001ebfbf80000)
 Next Bits: [0x000001ebfbf80000, 0x000001ebffef0000)

Polling page: 0x000001ebdf670000

Metaspace:

Usage:
  Non-class:     43.84 MB capacity,    42.94 MB ( 98%) used,   726.71 KB (  2%) free+waste,   195.38 KB ( <1%) overhead. 
      Class:      6.41 MB capacity,     5.76 MB ( 90%) used,   573.30 KB (  9%) free+waste,    97.00 KB (  1%) overhead. 
       Both:     50.25 MB capacity,    48.70 MB ( 97%) used,     1.27 MB (  3%) free+waste,   292.38 KB ( <1%) overhead. 

Virtual space:
  Non-class space:       44.00 MB reserved,      44.00 MB (100%) committed 
      Class space:        1.00 GB reserved,       6.50 MB ( <1%) committed 
             Both:        1.04 GB reserved,      50.50 MB (  5%) committed 

Chunk freelists:
   Non-Class:  4.50 KB
       Class:  0 bytes
        Both:  4.50 KB

CodeHeap 'non-profiled nmethods': size=120000Kb used=2666Kb max_used=2666Kb free=117333Kb
 bounds [0x000001ebeefe0000, 0x000001ebef280000, 0x000001ebf6510000]
CodeHeap 'profiled nmethods': size=120000Kb used=10606Kb max_used=10606Kb free=109393Kb
 bounds [0x000001ebe7ab0000, 0x000001ebe8510000, 0x000001ebeefe0000]
CodeHeap 'non-nmethods': size=5760Kb used=1379Kb max_used=1444Kb free=4380Kb
 bounds [0x000001ebe7510000, 0x000001ebe7780000, 0x000001ebe7ab0000]
 total_blobs=5575 nmethods=4893 adapters=601
 compilation: enabled
              stopped_count=0, restarted_count=0
 full_count=0

Compilation events (10 events):
Event: 727.042 Thread 0x000001eb83394000 4896       4       java.lang.invoke.DirectMethodHandle$Holder::invokeStatic (15 bytes)
Event: 727.043 Thread 0x000001eb83394000 nmethod 4896 0x000001ebef279090 code [0x000001ebef279220, 0x000001ebef2792e8]
Event: 1468.541 Thread 0x000001eb83394000 4897       4       java.util.concurrent.ConcurrentLinkedDeque$Itr::nextNode (9 bytes)
Event: 1468.542 Thread 0x000001eb83394000 nmethod 4897 0x000001ebef279410 code [0x000001ebef2795a0, 0x000001ebef2796c8]
Event: 2405.748 Thread 0x000001eb83394000 4898       4       io.netty.util.internal.shaded.org.jctools.queues.BaseMpscLinkedArrayQueue::offer (160 bytes)
Event: 2405.758 Thread 0x000001eb83394000 nmethod 4898 0x000001ebef279810 code [0x000001ebef2799a0, 0x000001ebef279c28]
Event: 2871.042 Thread 0x000001eb83394000 4899       4       java.util.concurrent.ConcurrentLinkedDeque::first (65 bytes)
Event: 2871.043 Thread 0x000001eb83394000 nmethod 4899 0x000001ebef279e10 code [0x000001ebef279f80, 0x000001ebef27a038]
Event: 2896.343 Thread 0x000001eb83394000 4900       4       java.util.concurrent.ConcurrentLinkedDeque$AbstractItr::advance (80 bytes)
Event: 2896.350 Thread 0x000001eb83394000 nmethod 4900 0x000001ebef27a110 code [0x000001ebef27a2c0, 0x000001ebef27a898]

GC Heap History (10 events):
Event: 2.085 GC heap before
{Heap before GC invocations=1 (full 0):
 garbage-first heap   total 260096K, used 27845K [0x0000000702400000, 0x0000000800000000)
  region size 1024K, 19 young (19456K), 3 survivors (3072K)
 Metaspace       used 16356K, capacity 16944K, committed 17024K, reserved 1064960K
  class space    used 1667K, capacity 1878K, committed 1920K, reserved 1048576K
}
Event: 2.089 GC heap after
{Heap after GC invocations=2 (full 0):
 garbage-first heap   total 260096K, used 13021K [0x0000000702400000, 0x0000000800000000)
  region size 1024K, 2 young (2048K), 2 survivors (2048K)
 Metaspace       used 16356K, capacity 16944K, committed 17024K, reserved 1064960K
  class space    used 1667K, capacity 1878K, committed 1920K, reserved 1048576K
}
Event: 2.579 GC heap before
{Heap before GC invocations=2 (full 0):
 garbage-first heap   total 260096K, used 34525K [0x0000000702400000, 0x0000000800000000)
  region size 1024K, 24 young (24576K), 2 survivors (2048K)
 Metaspace       used 20526K, capacity 21192K, committed 21248K, reserved 1069056K
  class space    used 2261K, capacity 2512K, committed 2560K, reserved 1048576K
}
Event: 2.583 GC heap after
{Heap after GC invocations=3 (full 0):
 garbage-first heap   total 260096K, used 13830K [0x0000000702400000, 0x0000000800000000)
  region size 1024K, 3 young (3072K), 3 survivors (3072K)
 Metaspace       used 20526K, capacity 21192K, committed 21248K, reserved 1069056K
  class space    used 2261K, capacity 2512K, committed 2560K, reserved 1048576K
}
Event: 4.092 GC heap before
{Heap before GC invocations=4 (full 0):
 garbage-first heap   total 260096K, used 77318K [0x0000000702400000, 0x0000000800000000)
  region size 1024K, 65 young (66560K), 3 survivors (3072K)
 Metaspace       used 29481K, capacity 30365K, committed 30592K, reserved 1077248K
  class space    used 3330K, capacity 3684K, committed 3712K, reserved 1048576K
}
Event: 4.099 GC heap after
{Heap after GC invocations=5 (full 0):
 garbage-first heap   total 260096K, used 18598K [0x0000000702400000, 0x0000000800000000)
  region size 1024K, 7 young (7168K), 7 survivors (7168K)
 Metaspace       used 29481K, capacity 30365K, committed 30592K, reserved 1077248K
  class space    used 3330K, capacity 3684K, committed 3712K, reserved 1048576K
}
Event: 4.842 GC heap before
{Heap before GC invocations=5 (full 0):
 garbage-first heap   total 260096K, used 59558K [0x0000000702400000, 0x0000000800000000)
  region size 1024K, 48 young (49152K), 7 survivors (7168K)
 Metaspace       used 34768K, capacity 35709K, committed 35840K, reserved 1081344K
  class space    used 4008K, capacity 4409K, committed 4480K, reserved 1048576K
}
Event: 4.852 GC heap after
{Heap after GC invocations=6 (full 0):
 garbage-first heap   total 260096K, used 20648K [0x0000000702400000, 0x0000000800000000)
  region size 1024K, 9 young (9216K), 9 survivors (9216K)
 Metaspace       used 34768K, capacity 35709K, committed 35840K, reserved 1081344K
  class space    used 4008K, capacity 4409K, committed 4480K, reserved 1048576K
}
Event: 13.733 GC heap before
{Heap before GC invocations=7 (full 0):
 garbage-first heap   total 260096K, used 143528K [0x0000000702400000, 0x0000000800000000)
  region size 1024K, 112 young (114688K), 9 survivors (9216K)
 Metaspace       used 45314K, capacity 46725K, committed 46848K, reserved 1089536K
  class space    used 5416K, capacity 6052K, committed 6144K, reserved 1048576K
}
Event: 13.745 GC heap after
{Heap after GC invocations=8 (full 0):
 garbage-first heap   total 260096K, used 42524K [0x0000000702400000, 0x0000000800000000)
  region size 1024K, 12 young (12288K), 12 survivors (12288K)
 Metaspace       used 45314K, capacity 46725K, committed 46848K, reserved 1089536K
  class space    used 5416K, capacity 6052K, committed 6144K, reserved 1048576K
}

Deoptimization events (10 events):
Event: 13.889 Thread 0x000001eb843a1800 Uncommon trap: reason=unstable_if action=reinterpret pc=0x000001ebef1647a8 method=java.lang.String.getChars(II[CI)V @ 23 c2
Event: 13.903 Thread 0x000001eb843a1800 Uncommon trap: reason=unstable_if action=reinterpret pc=0x000001ebef1bfa20 method=com.sun.org.apache.xerces.internal.impl.XMLEntityScanner.checkBeforeLoad(Lcom/sun/xml/internal/stream/Entity$ScannedEntity;II)I @ 18 c2
Event: 14.102 Thread 0x000001eb843a1800 Uncommon trap: reason=unstable_if action=reinterpret pc=0x000001ebef1663a4 method=java.lang.String.regionMatches(ZILjava/lang/String;II)Z @ 21 c2
Event: 21.136 Thread 0x000001eb843a1800 Uncommon trap: reason=unstable_if action=reinterpret pc=0x000001ebef0cdcbc method=java.util.ArrayList.indexOfRange(Ljava/lang/Object;II)I @ 7 c2
Event: 21.271 Thread 0x000001eb843a1800 Uncommon trap: reason=unloaded action=reinterpret pc=0x000001ebef183a68 method=org.openqa.selenium.json.Input.fill()Z @ 60 c2
Event: 23.584 Thread 0x000001eb843a1800 Uncommon trap: reason=unstable_if action=reinterpret pc=0x000001ebef220840 method=org.openqa.selenium.json.JsonInput.readString()Ljava/lang/String; @ 25 c2
Event: 23.611 Thread 0x000001eb843a1800 Uncommon trap: reason=unstable_if action=reinterpret pc=0x000001ebef21c910 method=org.openqa.selenium.json.JsonInput.readString()Ljava/lang/String; @ 25 c2
Event: 34.110 Thread 0x000001eb843a1800 Uncommon trap: reason=unstable_if action=reinterpret pc=0x000001ebef22c904 method=java.util.Base64$Decoder.outLength([BII)I @ 78 c2
Event: 34.665 Thread 0x000001eb85f5e800 Uncommon trap: reason=speculate_null_check action=make_not_entrant pc=0x000001ebef2486c8 method=sun.misc.Unsafe.putByte(Ljava/lang/Object;JB)V @ 7 c2
Event: 36.517 Thread 0x000001eb843a1800 Uncommon trap: reason=unstable_if action=reinterpret pc=0x000001ebef226bb4 method=java.util.Base64$Decoder.outLength([BII)I @ 78 c2

Classes redefined (10 events):
Event: 1156.345 Thread 0x000001eb82a68800 redefined class name=com.learningservices.itemselection.testscripts.TC_34429, count=3
Event: 1156.365 Thread 0x000001eb82a68800 redefined class name=com.learningservices.itemselection.pages.BrowseAllContentPage, count=3
Event: 1313.163 Thread 0x000001eb82a68800 redefined class name=com.learningservices.itemselection.pages.BrowseAllContentPage, count=4
Event: 1418.480 Thread 0x000001eb82a68800 redefined class name=com.learningservices.itemselection.pages.BrowseAllContentPage, count=5
Event: 1556.232 Thread 0x000001eb82a68800 redefined class name=com.learningservices.itemselection.pages.BrowseAllContentPage, count=6
Event: 1829.893 Thread 0x000001eb82a68800 redefined class name=com.learningservices.itemselection.pages.BrowseAllContentPage, count=7
Event: 2274.223 Thread 0x000001eb82a68800 redefined class name=com.learningservices.itemselection.pages.BrowseAllContentPage, count=8
Event: 2426.997 Thread 0x000001eb82a68800 redefined class name=com.learningservices.itemselection.pages.BrowseAllContentPage, count=9
Event: 2565.388 Thread 0x000001eb82a68800 redefined class name=com.learningservices.itemselection.pages.BrowseAllContentPage, count=10
Event: 2876.938 Thread 0x000001eb82a68800 redefined class name=com.learningservices.itemselection.testscripts.TC_34429, count=4

Internal exceptions (10 events):
Event: 23.438 Thread 0x000001eb843a1800 Exception <a 'sun/nio/fs/WindowsException'{0x000000070e544c08}> (0x000000070e544c08) thrown at [./open/src/hotspot/share/prims/jni.cpp, line 611]
Event: 23.590 Thread 0x000001eb843a1800 Exception <a 'java/lang/ClassNotFoundException'{0x000000070e390f28}: sun/misc/SharedSecrets> (0x000000070e390f28) thrown at [./open/src/hotspot/share/classfile/systemDictionary.cpp, line 226]
Event: 34.113 Thread 0x000001eb843a1800 Exception <a 'sun/nio/fs/WindowsException'{0x000000070d9936d8}> (0x000000070d9936d8) thrown at [./open/src/hotspot/share/prims/jni.cpp, line 611]
Event: 34.115 Thread 0x000001eb843a1800 Exception <a 'sun/nio/fs/WindowsException'{0x000000070d993ae8}> (0x000000070d993ae8) thrown at [./open/src/hotspot/share/prims/jni.cpp, line 611]
Event: 36.019 Thread 0x000001eb843a1800 Exception <a 'sun/nio/fs/WindowsException'{0x000000070d4fe910}> (0x000000070d4fe910) thrown at [./open/src/hotspot/share/prims/jni.cpp, line 611]
Event: 36.028 Thread 0x000001eb843a1800 Exception <a 'sun/nio/fs/WindowsException'{0x000000070d4fed20}> (0x000000070d4fed20) thrown at [./open/src/hotspot/share/prims/jni.cpp, line 611]
Event: 36.524 Thread 0x000001eb843a1800 Exception <a 'sun/nio/fs/WindowsException'{0x000000070cba4ed8}> (0x000000070cba4ed8) thrown at [./open/src/hotspot/share/prims/jni.cpp, line 611]
Event: 36.530 Thread 0x000001eb843a1800 Exception <a 'sun/nio/fs/WindowsException'{0x000000070cba52e8}> (0x000000070cba52e8) thrown at [./open/src/hotspot/share/prims/jni.cpp, line 611]
Event: 39.529 Thread 0x000001eb843a1800 Exception <a 'sun/nio/fs/WindowsException'{0x000000070c8fe430}> (0x000000070c8fe430) thrown at [./open/src/hotspot/share/prims/jni.cpp, line 611]
Event: 39.534 Thread 0x000001eb843a1800 Exception <a 'sun/nio/fs/WindowsException'{0x000000070c8fe840}> (0x000000070c8fe840) thrown at [./open/src/hotspot/share/prims/jni.cpp, line 611]

Events (10 events):
Event: 2953.839 Executing VM operation: GetFrameLocation done
Event: 2953.839 Executing VM operation: GetOrSetLocal
Event: 2953.839 Executing VM operation: GetOrSetLocal done
Event: 2953.840 Executing VM operation: GetFrameLocation
Event: 2953.840 Executing VM operation: GetFrameLocation done
Event: 2953.840 Executing VM operation: GetOrSetLocal
Event: 2953.840 Executing VM operation: GetOrSetLocal done
Event: 2953.853 Executing VM operation: GetFrameLocation
Event: 2953.853 Executing VM operation: GetFrameLocation done
Event: 2953.853 Executing VM operation: GetOrSetLocal


Dynamic libraries:
0x00007ff63de00000 - 0x00007ff63de0f000 	C:\Program Files\Java\jdk-11.0.14\bin\javaw.exe
0x00007ffaaa9d0000 - 0x00007ffaaabc5000 	C:\Windows\SYSTEM32\ntdll.dll
0x00007ffaa8b80000 - 0x00007ffaa8c3e000 	C:\Windows\System32\KERNEL32.DLL
0x00007ffaa8470000 - 0x00007ffaa8738000 	C:\Windows\System32\KERNELBASE.dll
0x00007ffaa87e0000 - 0x00007ffaa88e0000 	C:\Windows\System32\ucrtbase.dll
0x00007ffa84d60000 - 0x00007ffa84d75000 	C:\Program Files\Java\jdk-11.0.14\bin\VCRUNTIME140.dll
0x00007ffa85150000 - 0x00007ffa85168000 	C:\Program Files\Java\jdk-11.0.14\bin\jli.dll
0x00007ffaa91d0000 - 0x00007ffaa927e000 	C:\Windows\System32\ADVAPI32.dll
0x00007ffaa99d0000 - 0x00007ffaa9a6e000 	C:\Windows\System32\msvcrt.dll
0x00007ffaa8ed0000 - 0x00007ffaa8f6c000 	C:\Windows\System32\sechost.dll
0x00007ffaaa740000 - 0x00007ffaaa865000 	C:\Windows\System32\RPCRT4.dll
0x00007ffaa9030000 - 0x00007ffaa91d0000 	C:\Windows\System32\USER32.dll
0x00007ffaa8a00000 - 0x00007ffaa8a22000 	C:\Windows\System32\win32u.dll
0x00007ffaa8b50000 - 0x00007ffaa8b7a000 	C:\Windows\System32\GDI32.dll
0x00007ffa8aa30000 - 0x00007ffa8acca000 	C:\Windows\WinSxS\amd64_microsoft.windows.common-controls_6595b64144ccf1df_6.0.19041.1110_none_60b5254171f9507e\COMCTL32.dll
0x00007ffaa8330000 - 0x00007ffaa843b000 	C:\Windows\System32\gdi32full.dll
0x00007ffaa8740000 - 0x00007ffaa87dd000 	C:\Windows\System32\msvcp_win.dll
0x00007ffa9c1d0000 - 0x00007ffa9c1da000 	C:\Windows\SYSTEM32\VERSION.dll
0x00007ffaa8b20000 - 0x00007ffaa8b50000 	C:\Windows\System32\IMM32.DLL
0x00007ffa7d7c0000 - 0x00007ffa7d85b000 	C:\Program Files\Java\jdk-11.0.14\bin\msvcp140.dll
0x00007ffa5ae20000 - 0x00007ffa5b936000 	C:\Program Files\Java\jdk-11.0.14\bin\server\jvm.dll
0x00007ffaaa8d0000 - 0x00007ffaaa8d8000 	C:\Windows\System32\PSAPI.DLL
0x00007ffa8cfb0000 - 0x00007ffa8cfb9000 	C:\Windows\SYSTEM32\WSOCK32.dll
0x00007ffa9b5f0000 - 0x00007ffa9b617000 	C:\Windows\SYSTEM32\WINMM.dll
0x00007ffaaa330000 - 0x00007ffaaa39b000 	C:\Windows\System32\WS2_32.dll
0x00007ffaa6010000 - 0x00007ffaa6022000 	C:\Windows\SYSTEM32\kernel.appcore.dll
0x00007ffa88a00000 - 0x00007ffa88a10000 	C:\Program Files\Java\jdk-11.0.14\bin\verify.dll
0x00007ffa9e790000 - 0x00007ffa9e974000 	C:\Windows\SYSTEM32\DBGHELP.DLL
0x00007ffa9e760000 - 0x00007ffa9e78c000 	C:\Windows\SYSTEM32\dbgcore.DLL
0x00007ffaa82a0000 - 0x00007ffaa8322000 	C:\Windows\System32\bcryptPrimitives.dll
0x00007ffa7d790000 - 0x00007ffa7d7b8000 	C:\Program Files\Java\jdk-11.0.14\bin\java.dll
0x00007ffa883d0000 - 0x00007ffa883da000 	C:\Program Files\Java\jdk-11.0.14\bin\jimage.dll
0x00007ffaa1a10000 - 0x00007ffaa1a48000 	C:\Program Files\Java\jdk-11.0.14\bin\jdwp.dll
0x00007ffa7d770000 - 0x00007ffa7d786000 	C:\Program Files\Java\jdk-11.0.14\bin\zip.dll
0x00007ffaa9280000 - 0x00007ffaa99c4000 	C:\Windows\System32\SHELL32.dll
0x00007ffaa6210000 - 0x00007ffaa69a4000 	C:\Windows\SYSTEM32\windows.storage.dll
0x00007ffaa9f70000 - 0x00007ffaaa2c4000 	C:\Windows\System32\combase.dll
0x00007ffaa7a90000 - 0x00007ffaa7abc000 	C:\Windows\SYSTEM32\Wldp.dll
0x00007ffaaa8e0000 - 0x00007ffaaa98d000 	C:\Windows\System32\SHCORE.dll
0x00007ffaaa870000 - 0x00007ffaaa8c5000 	C:\Windows\System32\shlwapi.dll
0x00007ffaa8030000 - 0x00007ffaa804f000 	C:\Windows\SYSTEM32\profapi.dll
0x00007ffaa3540000 - 0x00007ffaa354a000 	C:\Program Files\Java\jdk-11.0.14\bin\dt_socket.dll
0x00007ffaa77f0000 - 0x00007ffaa785a000 	C:\Windows\System32\mswsock.dll
0x00007ffaa7520000 - 0x00007ffaa75eb000 	C:\Windows\SYSTEM32\DNSAPI.dll
0x00007ffaa74e0000 - 0x00007ffaa751b000 	C:\Windows\SYSTEM32\IPHLPAPI.DLL
0x00007ffaa9020000 - 0x00007ffaa9028000 	C:\Windows\System32\NSI.dll
0x00007ffaa1ad0000 - 0x00007ffaa1b4f000 	C:\Windows\System32\fwpuclnt.dll
0x00007ffaa8440000 - 0x00007ffaa8467000 	C:\Windows\System32\bcrypt.dll
0x00007ffa9f3e0000 - 0x00007ffa9f3ea000 	C:\Windows\System32\rasadhlp.dll
0x00007ffa77a20000 - 0x00007ffa77a39000 	C:\Program Files\Java\jdk-11.0.14\bin\net.dll
0x00007ffa9f9a0000 - 0x00007ffa9faaa000 	C:\Windows\SYSTEM32\WINHTTP.dll
0x00007ffa77a00000 - 0x00007ffa77a12000 	C:\Program Files\Java\jdk-11.0.14\bin\nio.dll
0x00007ffaa79f0000 - 0x00007ffaa7a08000 	C:\Windows\SYSTEM32\CRYPTSP.dll
0x00007ffaa7170000 - 0x00007ffaa71a4000 	C:\Windows\system32\rsaenh.dll
0x00007ffaa7ff0000 - 0x00007ffaa801e000 	C:\Windows\SYSTEM32\USERENV.dll
0x00007ffaa79e0000 - 0x00007ffaa79ec000 	C:\Windows\SYSTEM32\CRYPTBASE.dll
0x00007ffaa2510000 - 0x00007ffaa2527000 	C:\Windows\SYSTEM32\dhcpcsvc6.DLL
0x00007ffaa2750000 - 0x00007ffaa276d000 	C:\Windows\SYSTEM32\dhcpcsvc.DLL
0x00007ffaa26b0000 - 0x00007ffaa26b9000 	C:\Program Files\Java\jdk-11.0.14\bin\management.dll
0x00007ffaa2620000 - 0x00007ffaa262b000 	C:\Program Files\Java\jdk-11.0.14\bin\management_ext.dll
0x00007ffaa23c0000 - 0x00007ffaa23d7000 	C:\Windows\system32\napinsp.dll
0x00007ffaa2330000 - 0x00007ffaa234b000 	C:\Windows\system32\pnrpnsp.dll
0x00007ffaa4820000 - 0x00007ffaa4835000 	C:\Windows\system32\wshbth.dll
0x00007ffaa1d40000 - 0x00007ffaa1d5d000 	C:\Windows\system32\NLAapi.dll
0x00007ffaa2300000 - 0x00007ffaa2312000 	C:\Windows\System32\winrnr.dll
0x00007ffa76320000 - 0x00007ffa76345000 	C:\Program Files\Java\jdk-11.0.14\bin\sunec.dll
0x00007ffaa6d30000 - 0x00007ffaa6d63000 	C:\Windows\SYSTEM32\ntmarta.dll

dbghelp: loaded successfully - version: 4.0.5 - missing functions: none
symbol engine: initialized successfully - sym options: 0x614 - pdb path: .;C:\Program Files\Java\jdk-11.0.14\bin;C:\Windows\SYSTEM32;C:\Windows\WinSxS\amd64_microsoft.windows.common-controls_6595b64144ccf1df_6.0.19041.1110_none_60b5254171f9507e;C:\Program Files\Java\jdk-11.0.14\bin\server

VM Arguments:
jvm_args: -agentlib:jdwp=transport=dt_socket,suspend=y,address=localhost:53827 -ea -Dfile.encoding=Cp1252 
java_command: org.testng.remote.RemoteTestNG -serport 53826 -protocol json -d D:\workspaace\itemselection-sct\test-output D:\workspaace\itemselection-sct\testxml\testng.xml
java_class_path (initial): C:\Users\surendar.baskaran\eclipse\java-2021-06\eclipse\configuration\org.eclipse.osgi\440\0\.cp\lib\testng-remote.jar;D:\workspaace\itemselection-sct\bin\main;\itemselection-sct\bin\default;C:\Users\surendar.baskaran\.gradle\caches\modules-2\files-2.1\com.savvas\test-automation-framework-sct\4.0.5-Beta-SNAPSHOT\c581ecfc133d795427b1b33bec4b21beaaacdf60\test-automation-framework-sct-4.0.5-Beta-SNAPSHOT.jar;C:\Users\surendar.baskaran\.gradle\caches\modules-2\files-2.1\org.projectlombok\lombok\1.18.20\18bcea7d5df4d49227b4a0743a536208ce4825bb\lombok-1.18.20.jar;C:\Users\surendar.baskaran\.gradle\caches\modules-2\files-2.1\org.testng\testng\7.5\1416a607fae667c14e390b484e8d02b5824c0674\testng-7.5.jar;C:\Users\surendar.baskaran\.gradle\caches\modules-2\files-2.1\net.lightbody.bmp\browsermob-core-littleproxy\2.1.0-beta-2\4565b4eb37c3cfb1c0ed18a3fc25db40c824aec8\browsermob-core-littleproxy-2.1.0-beta-2.jar;C:\Users\surendar.baskaran\.gradle\caches\modules-2\files-2.1\org.seleniumhq.selenium\selenium-java\4.1.2\d1ff6102a8b23729b967406ea85f40fea5a2e970\selenium-java-4.1.2.jar;C:\Users\surendar.baskaran\.gradle\caches\modules-2\files-2.1\io.appium\java-client\8.0.0\bd49469d8820f92f3b83e924862b4e83668408f8\java-client-8.0.0.jar;C:\Users\surendar.baskaran\.gradle\caches\modules-2\files-2.1\org.apache.poi\poi-ooxml\5.2.1\e5ad9c3e3d457d17b0ec3bdc32997ed6b5b9b0bf\poi-ooxml-5.2.1.jar;C:\Users\surendar.baskaran\.gradle\caches\modules-2\files-2.1\org.apache.poi\poi\5.2.1\e40f9354b27b7929e29d187c19a3499ec9009cfb\poi-5.2.1.jar;C:\Users\surendar.baskaran\.gradle\caches\modules-2\files-2.1\io.percy\percy-java-selenium\1.0.0\2f13675442860f98f1b6f5482436e20260ceb031\percy-java-selenium-1.0.0.jar;C:\Users\surendar.baskaran\.gradle\caches\modules-2\files-2.1\org.json\json\20220320\6df2c050972619466f6dcef7654ef9bcc01dfd0\json-20220320.jar;C:\Users\surendar.baskaran\.gradle\caches\modules-2\files-2.1\org.apache.logging.log4j\log4j-core\2.17.2\fa43ba4467f5300b16d1e074
Launcher Type: SUN_STANDARD

[Global flags]
     intx CICompilerCount                          = 4                                         {product} {ergonomic}
     uint ConcGCThreads                            = 2                                         {product} {ergonomic}
     uint G1ConcRefinementThreads                  = 8                                         {product} {ergonomic}
   size_t G1HeapRegionSize                         = 1048576                                   {product} {ergonomic}
    uintx GCDrainStackTargetSize                   = 64                                        {product} {ergonomic}
   size_t InitialHeapSize                          = 266338304                                 {product} {ergonomic}
   size_t MarkStackSize                            = 4194304                                   {product} {ergonomic}
   size_t MaxHeapSize                              = 4257218560                                {product} {ergonomic}
   size_t MaxNewSize                               = 2554331136                                {product} {ergonomic}
   size_t MinHeapDeltaBytes                        = 1048576                                   {product} {ergonomic}
    uintx NonNMethodCodeHeapSize                   = 5836300                                {pd product} {ergonomic}
    uintx NonProfiledCodeHeapSize                  = 122910970                              {pd product} {ergonomic}
    uintx ProfiledCodeHeapSize                     = 122910970                              {pd product} {ergonomic}
    uintx ReservedCodeCacheSize                    = 251658240                              {pd product} {ergonomic}
     bool SegmentedCodeCache                       = true                                      {product} {ergonomic}
     bool UseCompressedClassPointers               = true                                 {lp64_product} {ergonomic}
     bool UseCompressedOops                        = true                                 {lp64_product} {ergonomic}
     bool UseG1GC                                  = true                                      {product} {ergonomic}
     bool UseLargePagesIndividualAllocation        = false                                  {pd product} {ergonomic}

Logging:
Log output configuration:
 #0: stdout all=warning uptime,level,tags
 #1: stderr all=off uptime,level,tags

Environment Variables:
PATH=C:\Program Files\Common Files\Oracle\Java\javapath;C:\Program Files\Securden\Securden_Agent\path\;C:\Windows\system32;C:\Windows;C:\Windows\System32\Wbem;C:\Windows\System32\WindowsPowerShell\v1.0\;C:\Windows\System32\OpenSSH\;C:\Program Files\TortoiseSVN\bin;C:\Ruby30-x64\bin;C:\driver;C:\Ruby30-x64\bin;C:\Users\surendar.baskaran\AppData\Local\Microsoft\WindowsApps;C:\Users\surendar.baskaran\AppData\Local\Programs\Git\cmd
USERNAME=surendar.baskaran
OS=Windows_NT
PROCESSOR_IDENTIFIER=Intel64 Family 6 Model 142 Stepping 10, GenuineIntel



---------------  S Y S T E M  ---------------

OS: Windows 10 , 64 bit Build 19041 (10.0.19041.1645)

CPU:total 8 (initial active 8) (4 cores per cpu, 2 threads per core) family 6 model 142 stepping 10 microcode 0xb4, cmov, cx8, fxsr, mmx, sse, sse2, sse3, ssse3, sse4.1, sse4.2, popcnt, avx, avx2, aes, clmul, erms, 3dnowpref, lzcnt, ht, tsc, tscinvbit, bmi1, bmi2, adx, fma

Memory: 4k page, system-wide physical 16238M (5395M free)
TotalPageFile size 19671M (AvailPageFile size 4003M)
current process WorkingSet (physical memory assigned to process): 174M, peak: 446M
current process commit charge ("private bytes"): 473M, peak: 525M

vm_info: Java HotSpot(TM) 64-Bit Server VM (11.0.14+8-LTS-263) for windows-amd64 JRE (11.0.14+8-LTS-263), built on Dec  7 2021 21:53:57 by "mach5one" with MS VC++ 15.9 (VS2017)

END.
